<?xml version="1.0" encoding="UTF-8"?>
<!-- Generated by org.testng.reporters.JUnitXMLReporter -->
<testsuite ignored="0" hostname="KUMARANHARSHA" failures="0" tests="8" name="Test" time="7.496" errors="0" timestamp="2024-12-30T11:32:53 IST">
  <testcase classname="org.parallelClassExecution.ParallelClass3" name="main" time="3.496"/>
  <testcase classname="org.parallelClassExecution.ParallelClass2" name="main" time="6.288"/>
  <testcase classname="org.parallelClassExecution.ParallelClass1" name="addressField" time="2.668"/>
  <testcase classname="org.parallelClassExecution.ParallelClass1" name="daysCheckBox" time="0.115"/>
  <testcase classname="org.parallelClassExecution.ParallelClass1" name="eMailField" time="0.124"/>
  <testcase classname="org.parallelClassExecution.ParallelClass1" name="genderRadioButton" time="0.093"/>
  <testcase classname="org.parallelClassExecution.ParallelClass1" name="nameField" time="0.121"/>
  <testcase classname="org.parallelClassExecution.ParallelClass1" name="phoneNumberField" time="0.123"/>
</testsuite> <!-- Test -->
